{
  "RSpec": {
    "coverage": {
    },
    "timestamp": 1431043865
  },
  "Cucumber Features": {
    "coverage": {
      "/home/timmy/sites/monopoly/app/models/board_space.rb": [
        null,
        null,
        null,
        null,
        null,
        null,
        null,
        null,
        null,
        null,
        null,
        1,
        1,
        1,
        null
      ],
      "/home/timmy/sites/monopoly/app/models/property.rb": [
        1,
        1,
        1,
        null
      ],
      "/home/timmy/sites/monopoly/app/models/rail_road.rb": [
        1,
        1,
        null
      ],
      "/home/timmy/sites/monopoly/app/controllers/home_controller.rb": [
        1,
        1,
        null,
        1,
        null,
        null,
        null
      ],
      "/home/timmy/sites/monopoly/app/controllers/application_controller.rb": [
        1,
        null,
        null,
        1,
        null,
        1,
        102,
        null,
        1,
        null,
        1,
        28,
        null,
        null
      ],
      "/home/timmy/sites/monopoly/app/helpers/application_helper.rb": [
        1,
        null
      ],
      "/home/timmy/sites/monopoly/app/helpers/session_helper.rb": [
        1,
        null
      ],
      "/home/timmy/sites/monopoly/app/helpers/users_helper.rb": [
        1,
        null
      ],
      "/home/timmy/sites/monopoly/app/controllers/users_controller.rb": [
        1,
        1,
        null,
        null,
        null,
        1,
        0,
        null,
        null,
        null,
        null,
        1,
        null,
        18,
        null,
        null,
        null,
        null,
        1,
        0,
        null,
        null,
        null,
        1,
        null,
        null,
        null,
        null,
        1,
        14,
        null,
        14,
        11,
        11,
        11,
        null,
        3,
        3,
        null,
        null,
        null,
        null,
        null,
        null,
        1,
        0,
        0,
        0,
        0,
        null,
        0,
        0,
        null,
        null,
        null,
        null,
        null,
        null,
        1,
        0,
        0,
        0,
        0,
        null,
        null,
        null,
        1,
        null,
        1,
        18,
        null,
        null,
        null,
        1,
        14,
        null,
        null
      ],
      "/home/timmy/sites/monopoly/app/models/user.rb": [
        null,
        null,
        null,
        null,
        null,
        null,
        null,
        null,
        null,
        null,
        null,
        1,
        1,
        1,
        null,
        1,
        1,
        1,
        null
      ],
      "/home/timmy/sites/monopoly/app/models/player.rb": [
        null,
        null,
        null,
        null,
        null,
        null,
        null,
        null,
        null,
        null,
        null,
        null,
        null,
        null,
        null,
        null,
        null,
        1,
        1,
        1,
        1,
        1,
        1,
        1,
        1,
        1,
        null,
        1,
        39,
        39,
        39,
        null,
        null
      ],
      "/home/timmy/sites/monopoly/app/models/game.rb": [
        null,
        null,
        null,
        null,
        null,
        null,
        null,
        null,
        null,
        null,
        null,
        null,
        null,
        null,
        null,
        null,
        1,
        1,
        1,
        1,
        1,
        1,
        1,
        1,
        1,
        null,
        1,
        0,
        0,
        0,
        0,
        0,
        0,
        null,
        null,
        1,
        1,
        null,
        1,
        1,
        null,
        null,
        null,
        null,
        null,
        1,
        null,
        1,
        null,
        1,
        0,
        0,
        0,
        0,
        0,
        0,
        0,
        0,
        null,
        null,
        null,
        1,
        0,
        0,
        0,
        0,
        null,
        null,
        0,
        0,
        0,
        0,
        null,
        0,
        0,
        0,
        0,
        null,
        null,
        null,
        null,
        1,
        1,
        null,
        1,
        0,
        0,
        0,
        null,
        null,
        1,
        null,
        1,
        null,
        1,
        null,
        1,
        0,
        0,
        null,
        0,
        0,
        0,
        0,
        null,
        null,
        0,
        null,
        null,
        0,
        null,
        0,
        0,
        0,
        0,
        null,
        null,
        0,
        0,
        0,
        0,
        null,
        null,
        null,
        null,
        0,
        0,
        null,
        null,
        0,
        0,
        0,
        0,
        null,
        null,
        0,
        null,
        null,
        null,
        0,
        null,
        0,
        null,
        0,
        0,
        null,
        null,
        0,
        null,
        0,
        0,
        null,
        null,
        0,
        0,
        0,
        null,
        null,
        null,
        0,
        0,
        null,
        null,
        0,
        0,
        0,
        0,
        null,
        null,
        null,
        null,
        1,
        null,
        1,
        null,
        1,
        0,
        null,
        null,
        1,
        null,
        1,
        1,
        null,
        null,
        0,
        0,
        0,
        null,
        null,
        null,
        1,
        1,
        null,
        null,
        null,
        null,
        null,
        1,
        1,
        null,
        1,
        null,
        null,
        1,
        1,
        1,
        1,
        null,
        null,
        null,
        1,
        null,
        null,
        1,
        null,
        null,
        1,
        null,
        null,
        1,
        0,
        null,
        0,
        0,
        null,
        0,
        0,
        0,
        0,
        0,
        0,
        null,
        null,
        0,
        null,
        0,
        null,
        0,
        null,
        null,
        0,
        0,
        0,
        null,
        0,
        null,
        null,
        1,
        0,
        null,
        0,
        null,
        0,
        0,
        0,
        null,
        0,
        0,
        0,
        0,
        null,
        null,
        0,
        0,
        0,
        null,
        0,
        null,
        null,
        1,
        null,
        1,
        0,
        null,
        0,
        null,
        0,
        0,
        0,
        0,
        null,
        null,
        null,
        1,
        0,
        0,
        0,
        null,
        null,
        null,
        1,
        1,
        1,
        1,
        1,
        null,
        null,
        1,
        2,
        null,
        1,
        1,
        1,
        null,
        0,
        null,
        null,
        null,
        1,
        23,
        23,
        null,
        null,
        null
      ],
      "/home/timmy/sites/monopoly/app/controllers/games_controller.rb": [
        1,
        1,
        null,
        null,
        null,
        1,
        5,
        null,
        10,
        10,
        null,
        5,
        null,
        null
      ],
      "/home/timmy/sites/monopoly/app/controllers/api/v1/games_controller.rb": [
        1,
        1,
        7,
        7,
        null,
        7,
        null,
        null,
        7,
        1,
        null,
        null,
        7,
        null,
        7,
        null,
        7,
        null,
        null,
        1,
        1,
        null,
        1,
        null,
        1,
        null,
        null,
        1,
        0,
        null,
        0,
        null,
        0,
        null,
        0,
        null,
        null,
        1,
        0,
        null,
        0,
        null,
        0,
        null,
        0,
        null,
        null,
        1,
        5,
        5,
        5,
        null,
        5,
        5,
        5,
        5,
        5,
        5,
        5,
        null,
        null,
        5,
        5,
        5,
        5,
        null,
        5,
        null,
        null
      ],
      "/home/timmy/sites/monopoly/app/controllers/api/v1/application_controller.rb": [
        1,
        null,
        null
      ],
      "/home/timmy/sites/monopoly/app/controllers/api/v1/board_spaces_controller.rb": [
        1,
        1,
        5,
        null,
        5,
        null,
        null
      ],
      "/home/timmy/sites/monopoly/app/models/history.rb": [
        1,
        1,
        1,
        null
      ],
      "/home/timmy/sites/monopoly/app/models/owned_property.rb": [
        1,
        1,
        1,
        1,
        1,
        1,
        null,
        1,
        0,
        null,
        null
      ],
      "/home/timmy/sites/monopoly/app/models/used_comm_chest_chance.rb": [
        1,
        1,
        1,
        1,
        1,
        null,
        1,
        2,
        2,
        2,
        2,
        2,
        2,
        2,
        2,
        2,
        2,
        2,
        2,
        2,
        2,
        2,
        2,
        2,
        2,
        null,
        null,
        1,
        0,
        0,
        0,
        0,
        0,
        0,
        0,
        0,
        0,
        0,
        0,
        0,
        0,
        0,
        0,
        0,
        0,
        0,
        0,
        null,
        null
      ],
      "/home/timmy/sites/monopoly/app/controllers/sessions_controller.rb": [
        1,
        1,
        null,
        null,
        1,
        3,
        3,
        2,
        2,
        2,
        null,
        1,
        1,
        null,
        null,
        null,
        1,
        7,
        7,
        7,
        null,
        null,
        1,
        null,
        1,
        0,
        null,
        null
      ]
    },
    "timestamp": 1431045780
  }
}
